Arguments: 
  /usr/bin/node /usr/share/yarn/bin/yarn.js add -D babel-eslint

PATH: 
  /home/lkz/.zinit/polaris/bin:/usr/local/sbin:/usr/local/bin:/usr/sbin:/usr/bin:/sbin:/bin:/usr/games:/usr/local/games:/snap/bin

Yarn version: 
  1.22.5

Node version: 
  14.17.6

Platform: 
  linux x64

Trace: 
  Error: getaddrinfo EAI_AGAIN registry.yarnpkg.com
      at GetAddrInfoReqWrap.onlookup [as oncomplete] (dns.js:69:26)

npm manifest: 
  {
    "name": "sistema-de-agendamento",
    "version": "1.0.0",
    "description": "",
    "main": "index.js",
    "scripts": {
      "test": "echo \"Error: no test specified\" && exit 1"
    },
    "keywords": [],
    "author": "",
    "license": "ISC",
    "dependencies": {
      "express": "^4.17.1"
    }
  }

yarn manifest: 
  No manifest

Lockfile: 
  No lockfile
